\BOOKMARK [1][-]{section.1}{Introducci\363n}{}
\BOOKMARK [1][-]{section.2}{Desarrollo}{}
\BOOKMARK [2][-]{subsection.2.1}{Determinaci\363n de rutas entre dos hosts}{section.2}
\BOOKMARK [2][-]{subsection.2.2}{C\341lculo del RTT aproximado de cada salto}{section.2}
\BOOKMARK [2][-]{subsection.2.3}{Identificaci\363n de Enlaces Submarinos}{section.2}
\BOOKMARK [2][-]{subsection.2.4}{Geolocalizaci\363n de Rutas}{section.2}
\BOOKMARK [2][-]{subsection.2.5}{Casos de Estudio}{section.2}
\BOOKMARK [1][-]{section.3}{Resultados}{}
\BOOKMARK [2][-]{subsection.3.1}{Comparaci\363n de t\351cnicas para promediar datos}{section.3}
\BOOKMARK [2][-]{subsection.3.2}{Caso de Estudio: Universidad de Cambridge}{section.3}
\BOOKMARK [3][-]{subsubsection.3.2.1}{Determinaci\363n de Rutas y RTTs de cada salto}{subsection.3.2}
\BOOKMARK [3][-]{subsubsection.3.2.2}{RTTs acumulados y ZRTTs}{subsection.3.2}
\BOOKMARK [3][-]{subsubsection.3.2.3}{Geolocalizaci\363n}{subsection.3.2}
\BOOKMARK [2][-]{subsection.3.3}{Caso de Estudio: Universidad de Ucrania}{section.3}
\BOOKMARK [3][-]{subsubsection.3.3.1}{Determinaci\363n de Rutas y RTTs de cada salto}{subsection.3.3}
\BOOKMARK [3][-]{subsubsection.3.3.2}{RTTs acumulados y ZRTTs}{subsection.3.3}
\BOOKMARK [3][-]{subsubsection.3.3.3}{Geolocalizaci\363n}{subsection.3.3}
\BOOKMARK [2][-]{subsection.3.4}{Caso de Estudio: Universidad de China}{section.3}
\BOOKMARK [3][-]{subsubsection.3.4.1}{Determinaci\363n de Rutas y RTTs de cada salto}{subsection.3.4}
\BOOKMARK [3][-]{subsubsection.3.4.2}{RTTs acumulados y ZRTTs}{subsection.3.4}
\BOOKMARK [3][-]{subsubsection.3.4.3}{Geolocalizaci\363n}{subsection.3.4}
\BOOKMARK [1][-]{section.4}{Discusi\363n}{}
\BOOKMARK [2][-]{subsection.4.1}{Comparaci\363n de t\351cnicas para promediar datos}{section.4}
\BOOKMARK [3][-]{subsubsection.4.1.1}{Universidad de Cambridge}{subsection.4.1}
\BOOKMARK [3][-]{subsubsection.4.1.2}{Universidad de Ucrania}{subsection.4.1}
\BOOKMARK [3][-]{subsubsection.4.1.3}{Unviersidad de China}{subsection.4.1}
\BOOKMARK [3][-]{subsubsection.4.1.4}{Conclusi\363n General de los Promedios}{subsection.4.1}
\BOOKMARK [2][-]{subsection.4.2}{Caso de Estudio: Universidad de Cambridge}{section.4}
\BOOKMARK [2][-]{subsection.4.3}{Caso de Estudio: Universidad de Ucrania}{section.4}
\BOOKMARK [2][-]{subsection.4.4}{Caso de Estudio: Universidad de China}{section.4}
\BOOKMARK [1][-]{section.5}{Conclusiones}{}
\BOOKMARK [1][-]{section.6}{Bibliograf\355a}{}
